[2026-05-07 13:45:10] Starting run_all.sh
[2026-05-07 13:45:10] ════════════════════════════════════════
[2026-05-07 13:45:10]   CMA-ES EXPERIMENTS
[2026-05-07 13:45:10] ════════════════════════════════════════
[2026-05-07 13:45:10] ▶ Starting CMA Phase 1 (non-Humanoid) — 24 jobs, max 4 concurrent.
[2026-05-07 13:45:10] 🚀 STARTED  (job 1/24 in CMA Phase 1 (non-Humanoid)) [PID 20863]: (cd train_sep_cma_direct_policy_search && python3 train_sep_cma_direct_policy_search.py Ant-v5 --total-timesteps 1000000 --num-runs 5)
[2026-05-07 13:45:10] 🚀 STARTED  (job 2/24 in CMA Phase 1 (non-Humanoid)) [PID 20867]: (cd train_simultaneous_blockwise_cma_direct_policy_search && python3 train_simultaneous_blockwise_cma_direct_policy_search.py Ant-v5 --total-timesteps 1000000 --num-runs 5 --block-size 4)
[2026-05-07 13:45:10] 🚀 STARTED  (job 3/24 in CMA Phase 1 (non-Humanoid)) [PID 20871]: (cd train_simultaneous_blockwise_cma_direct_policy_search && python3 train_simultaneous_blockwise_cma_direct_policy_search.py Ant-v5 --total-timesteps 1000000 --num-runs 5 --block-size 32)
[2026-05-07 13:45:10] 🚀 STARTED  (job 4/24 in CMA Phase 1 (non-Humanoid)) [PID 20874]: (cd train_sequential_blockwise_cma_direct_policy_search && python3 train_sequential_blockwise_cma_direct_policy_search.py Ant-v5 --total-timesteps 1000000 --num-runs 5 --block-size 4)
Training started ...
Run 1/5 ...
Saved episode log : ../../output/Ant-v5/sequential_blockwise_cma_direct_policy_search [BLOCK_SIZE = 4]/episode_log_run_1.csv
Saved system log  : ../../output/Ant-v5/sequential_blockwise_cma_direct_policy_search [BLOCK_SIZE = 4]/system_log_run_1.csv
Run 2/5 ...
Saved episode log : ../../output/Ant-v5/sequential_blockwise_cma_direct_policy_search [BLOCK_SIZE = 4]/episode_log_run_2.csv
Saved system log  : ../../output/Ant-v5/sequential_blockwise_cma_direct_policy_search [BLOCK_SIZE = 4]/system_log_run_2.csv
Run 3/5 ...
Saved episode log : ../../output/Ant-v5/sequential_blockwise_cma_direct_policy_search [BLOCK_SIZE = 4]/episode_log_run_3.csv
Saved system log  : ../../output/Ant-v5/sequential_blockwise_cma_direct_policy_search [BLOCK_SIZE = 4]/system_log_run_3.csv
Run 4/5 ...
Saved episode log : ../../output/Ant-v5/sequential_blockwise_cma_direct_policy_search [BLOCK_SIZE = 4]/episode_log_run_4.csv
Saved system log  : ../../output/Ant-v5/sequential_blockwise_cma_direct_policy_search [BLOCK_SIZE = 4]/system_log_run_4.csv
Run 5/5 ...
Saved episode log : ../../output/Ant-v5/sequential_blockwise_cma_direct_policy_search [BLOCK_SIZE = 4]/episode_log_run_5.csv
Saved system log  : ../../output/Ant-v5/sequential_blockwise_cma_direct_policy_search [BLOCK_SIZE = 4]/system_log_run_5.csv
Training complete!
[2026-05-07 13:57:26] ✅ FINISHED (1/30) [PID 20874]: (cd train_sequential_blockwise_cma_direct_policy_search && python3 train_sequential_blockwise_cma_direct_policy_search.py Ant-v5 --total-timesteps 1000000 --num-runs 5 --block-size 4)
[2026-05-07 13:57:26] 🚀 STARTED  (job 5/24 in CMA Phase 1 (non-Humanoid)) [PID 21485]: (cd train_sequential_blockwise_cma_direct_policy_search && python3 train_sequential_blockwise_cma_direct_policy_search.py Ant-v5 --total-timesteps 1000000 --num-runs 5 --block-size 32)
Training started ...
Run 1/5 ...
Saved episode log : ../../output/Ant-v5/sep_CMA_direct_policy_search/episode_log_run_1.csv
Saved system log  : ../../output/Ant-v5/sep_CMA_direct_policy_search/system_log_run_1.csv
Run 2/5 ...
Saved episode log : ../../output/Ant-v5/sep_CMA_direct_policy_search/episode_log_run_2.csv
Saved system log  : ../../output/Ant-v5/sep_CMA_direct_policy_search/system_log_run_2.csv
Run 3/5 ...
Saved episode log : ../../output/Ant-v5/sep_CMA_direct_policy_search/episode_log_run_3.csv
Saved system log  : ../../output/Ant-v5/sep_CMA_direct_policy_search/system_log_run_3.csv
Run 4/5 ...
Saved episode log : ../../output/Ant-v5/sep_CMA_direct_policy_search/episode_log_run_4.csv
Saved system log  : ../../output/Ant-v5/sep_CMA_direct_policy_search/system_log_run_4.csv
Run 5/5 ...
Saved episode log : ../../output/Ant-v5/sep_CMA_direct_policy_search/episode_log_run_5.csv
Saved system log  : ../../output/Ant-v5/sep_CMA_direct_policy_search/system_log_run_5.csv
Training complete!
[2026-05-07 13:57:51] ✅ FINISHED (2/30) [PID 20863]: (cd train_sep_cma_direct_policy_search && python3 train_sep_cma_direct_policy_search.py Ant-v5 --total-timesteps 1000000 --num-runs 5)
[2026-05-07 13:57:51] 🚀 STARTED  (job 6/24 in CMA Phase 1 (non-Humanoid)) [PID 21511]: (cd train_cma_direct_policy_search && python3 train_cma_direct_policy_search.py Ant-v5 --total-timesteps 1000000 --num-runs 5)
Training started ...
Run 1/5 ...
Saved episode log : ../../output/Ant-v5/simultaneous_blockwise_cma_direct_policy_search [BLOCK_SIZE = 4]/episode_log_run_1.csv
Saved system log  : ../../output/Ant-v5/simultaneous_blockwise_cma_direct_policy_search [BLOCK_SIZE = 4]/system_log_run_1.csv
Run 2/5 ...
Saved episode log : ../../output/Ant-v5/simultaneous_blockwise_cma_direct_policy_search [BLOCK_SIZE = 4]/episode_log_run_2.csv
Saved system log  : ../../output/Ant-v5/simultaneous_blockwise_cma_direct_policy_search [BLOCK_SIZE = 4]/system_log_run_2.csv
Run 3/5 ...
Saved episode log : ../../output/Ant-v5/simultaneous_blockwise_cma_direct_policy_search [BLOCK_SIZE = 4]/episode_log_run_3.csv
Saved system log  : ../../output/Ant-v5/simultaneous_blockwise_cma_direct_policy_search [BLOCK_SIZE = 4]/system_log_run_3.csv
Run 4/5 ...
Saved episode log : ../../output/Ant-v5/simultaneous_blockwise_cma_direct_policy_search [BLOCK_SIZE = 4]/episode_log_run_4.csv
Saved system log  : ../../output/Ant-v5/simultaneous_blockwise_cma_direct_policy_search [BLOCK_SIZE = 4]/system_log_run_4.csv
Run 5/5 ...
Saved episode log : ../../output/Ant-v5/simultaneous_blockwise_cma_direct_policy_search [BLOCK_SIZE = 4]/episode_log_run_5.csv
Saved system log  : ../../output/Ant-v5/simultaneous_blockwise_cma_direct_policy_search [BLOCK_SIZE = 4]/system_log_run_5.csv
Training complete!
[2026-05-07 13:58:06] ✅ FINISHED (3/30) [PID 20867]: (cd train_simultaneous_blockwise_cma_direct_policy_search && python3 train_simultaneous_blockwise_cma_direct_policy_search.py Ant-v5 --total-timesteps 1000000 --num-runs 5 --block-size 4)
[2026-05-07 13:58:06] 🚀 STARTED  (job 7/24 in CMA Phase 1 (non-Humanoid)) [PID 21525]: (cd train_sep_cma_direct_policy_search && python3 train_sep_cma_direct_policy_search.py HalfCheetah-v5 --total-timesteps 1000000 --num-runs 5)
Training started ...
Run 1/5 ...
Saved episode log : ../../output/Ant-v5/simultaneous_blockwise_cma_direct_policy_search [BLOCK_SIZE = 32]/episode_log_run_1.csv
Saved system log  : ../../output/Ant-v5/simultaneous_blockwise_cma_direct_policy_search [BLOCK_SIZE = 32]/system_log_run_1.csv
Run 2/5 ...
Saved episode log : ../../output/Ant-v5/simultaneous_blockwise_cma_direct_policy_search [BLOCK_SIZE = 32]/episode_log_run_2.csv
Saved system log  : ../../output/Ant-v5/simultaneous_blockwise_cma_direct_policy_search [BLOCK_SIZE = 32]/system_log_run_2.csv
Run 3/5 ...
Saved episode log : ../../output/Ant-v5/simultaneous_blockwise_cma_direct_policy_search [BLOCK_SIZE = 32]/episode_log_run_3.csv
Saved system log  : ../../output/Ant-v5/simultaneous_blockwise_cma_direct_policy_search [BLOCK_SIZE = 32]/system_log_run_3.csv
Run 4/5 ...
Saved episode log : ../../output/Ant-v5/simultaneous_blockwise_cma_direct_policy_search [BLOCK_SIZE = 32]/episode_log_run_4.csv
Saved system log  : ../../output/Ant-v5/simultaneous_blockwise_cma_direct_policy_search [BLOCK_SIZE = 32]/system_log_run_4.csv
Run 5/5 ...
Saved episode log : ../../output/Ant-v5/simultaneous_blockwise_cma_direct_policy_search [BLOCK_SIZE = 32]/episode_log_run_5.csv
Saved system log  : ../../output/Ant-v5/simultaneous_blockwise_cma_direct_policy_search [BLOCK_SIZE = 32]/system_log_run_5.csv
Training complete!
[2026-05-07 13:59:41] ✅ FINISHED (4/30) [PID 20871]: (cd train_simultaneous_blockwise_cma_direct_policy_search && python3 train_simultaneous_blockwise_cma_direct_policy_search.py Ant-v5 --total-timesteps 1000000 --num-runs 5 --block-size 32)
[2026-05-07 13:59:41] 🚀 STARTED  (job 8/24 in CMA Phase 1 (non-Humanoid)) [PID 21581]: (cd train_simultaneous_blockwise_cma_direct_policy_search && python3 train_simultaneous_blockwise_cma_direct_policy_search.py HalfCheetah-v5 --total-timesteps 1000000 --num-runs 5 --block-size 4)
Training started ...
Run 1/5 ...
Saved episode log : ../../output/HalfCheetah-v5/sep_CMA_direct_policy_search/episode_log_run_1.csv
Saved system log  : ../../output/HalfCheetah-v5/sep_CMA_direct_policy_search/system_log_run_1.csv
Run 2/5 ...
Saved episode log : ../../output/HalfCheetah-v5/sep_CMA_direct_policy_search/episode_log_run_2.csv
Saved system log  : ../../output/HalfCheetah-v5/sep_CMA_direct_policy_search/system_log_run_2.csv
Run 3/5 ...
Saved episode log : ../../output/HalfCheetah-v5/sep_CMA_direct_policy_search/episode_log_run_3.csv
Saved system log  : ../../output/HalfCheetah-v5/sep_CMA_direct_policy_search/system_log_run_3.csv
Run 4/5 ...
Saved episode log : ../../output/HalfCheetah-v5/sep_CMA_direct_policy_search/episode_log_run_4.csv
Saved system log  : ../../output/HalfCheetah-v5/sep_CMA_direct_policy_search/system_log_run_4.csv
Run 5/5 ...
Saved episode log : ../../output/HalfCheetah-v5/sep_CMA_direct_policy_search/episode_log_run_5.csv
Saved system log  : ../../output/HalfCheetah-v5/sep_CMA_direct_policy_search/system_log_run_5.csv
Training complete!
[2026-05-07 14:00:26] ✅ FINISHED (5/30) [PID 21525]: (cd train_sep_cma_direct_policy_search && python3 train_sep_cma_direct_policy_search.py HalfCheetah-v5 --total-timesteps 1000000 --num-runs 5)
[2026-05-07 14:00:26] 🚀 STARTED  (job 9/24 in CMA Phase 1 (non-Humanoid)) [PID 21612]: (cd train_simultaneous_blockwise_cma_direct_policy_search && python3 train_simultaneous_blockwise_cma_direct_policy_search.py HalfCheetah-v5 --total-timesteps 1000000 --num-runs 5 --block-size 32)
Training started ...
Run 1/5 ...
Saved episode log : ../../output/HalfCheetah-v5/simultaneous_blockwise_cma_direct_policy_search [BLOCK_SIZE = 4]/episode_log_run_1.csv
Saved system log  : ../../output/HalfCheetah-v5/simultaneous_blockwise_cma_direct_policy_search [BLOCK_SIZE = 4]/system_log_run_1.csv
Run 2/5 ...
Saved episode log : ../../output/HalfCheetah-v5/simultaneous_blockwise_cma_direct_policy_search [BLOCK_SIZE = 4]/episode_log_run_2.csv
Saved system log  : ../../output/HalfCheetah-v5/simultaneous_blockwise_cma_direct_policy_search [BLOCK_SIZE = 4]/system_log_run_2.csv
Run 3/5 ...
Saved episode log : ../../output/HalfCheetah-v5/simultaneous_blockwise_cma_direct_policy_search [BLOCK_SIZE = 4]/episode_log_run_3.csv
Saved system log  : ../../output/HalfCheetah-v5/simultaneous_blockwise_cma_direct_policy_search [BLOCK_SIZE = 4]/system_log_run_3.csv
Run 4/5 ...
Saved episode log : ../../output/HalfCheetah-v5/simultaneous_blockwise_cma_direct_policy_search [BLOCK_SIZE = 4]/episode_log_run_4.csv
Saved system log  : ../../output/HalfCheetah-v5/simultaneous_blockwise_cma_direct_policy_search [BLOCK_SIZE = 4]/system_log_run_4.csv
Run 5/5 ...
Saved episode log : ../../output/HalfCheetah-v5/simultaneous_blockwise_cma_direct_policy_search [BLOCK_SIZE = 4]/episode_log_run_5.csv
Saved system log  : ../../output/HalfCheetah-v5/simultaneous_blockwise_cma_direct_policy_search [BLOCK_SIZE = 4]/system_log_run_5.csv
Training complete!
[2026-05-07 14:02:17] ✅ FINISHED (6/30) [PID 21581]: (cd train_simultaneous_blockwise_cma_direct_policy_search && python3 train_simultaneous_blockwise_cma_direct_policy_search.py HalfCheetah-v5 --total-timesteps 1000000 --num-runs 5 --block-size 4)
[2026-05-07 14:02:17] 🚀 STARTED  (job 10/24 in CMA Phase 1 (non-Humanoid)) [PID 21675]: (cd train_sequential_blockwise_cma_direct_policy_search && python3 train_sequential_blockwise_cma_direct_policy_search.py HalfCheetah-v5 --total-timesteps 1000000 --num-runs 5 --block-size 4)
Training started ...
Run 1/5 ...
Saved episode log : ../../output/HalfCheetah-v5/simultaneous_blockwise_cma_direct_policy_search [BLOCK_SIZE = 32]/episode_log_run_1.csv
Saved system log  : ../../output/HalfCheetah-v5/simultaneous_blockwise_cma_direct_policy_search [BLOCK_SIZE = 32]/system_log_run_1.csv
Run 2/5 ...
Saved episode log : ../../output/HalfCheetah-v5/simultaneous_blockwise_cma_direct_policy_search [BLOCK_SIZE = 32]/episode_log_run_2.csv
Saved system log  : ../../output/HalfCheetah-v5/simultaneous_blockwise_cma_direct_policy_search [BLOCK_SIZE = 32]/system_log_run_2.csv
Run 3/5 ...
Saved episode log : ../../output/HalfCheetah-v5/simultaneous_blockwise_cma_direct_policy_search [BLOCK_SIZE = 32]/episode_log_run_3.csv
Saved system log  : ../../output/HalfCheetah-v5/simultaneous_blockwise_cma_direct_policy_search [BLOCK_SIZE = 32]/system_log_run_3.csv
Run 4/5 ...
Saved episode log : ../../output/HalfCheetah-v5/simultaneous_blockwise_cma_direct_policy_search [BLOCK_SIZE = 32]/episode_log_run_4.csv
Saved system log  : ../../output/HalfCheetah-v5/simultaneous_blockwise_cma_direct_policy_search [BLOCK_SIZE = 32]/system_log_run_4.csv
Run 5/5 ...
Saved episode log : ../../output/HalfCheetah-v5/simultaneous_blockwise_cma_direct_policy_search [BLOCK_SIZE = 32]/episode_log_run_5.csv
Saved system log  : ../../output/HalfCheetah-v5/simultaneous_blockwise_cma_direct_policy_search [BLOCK_SIZE = 32]/system_log_run_5.csv
Training complete!
[2026-05-07 14:03:37] ✅ FINISHED (7/30) [PID 21612]: (cd train_simultaneous_blockwise_cma_direct_policy_search && python3 train_simultaneous_blockwise_cma_direct_policy_search.py HalfCheetah-v5 --total-timesteps 1000000 --num-runs 5 --block-size 32)
[2026-05-07 14:03:37] 🚀 STARTED  (job 11/24 in CMA Phase 1 (non-Humanoid)) [PID 21731]: (cd train_sequential_blockwise_cma_direct_policy_search && python3 train_sequential_blockwise_cma_direct_policy_search.py HalfCheetah-v5 --total-timesteps 1000000 --num-runs 5 --block-size 32)
Training started ...
Run 1/5 ...
Saved episode log : ../../output/HalfCheetah-v5/sequential_blockwise_cma_direct_policy_search [BLOCK_SIZE = 4]/episode_log_run_1.csv
Saved system log  : ../../output/HalfCheetah-v5/sequential_blockwise_cma_direct_policy_search [BLOCK_SIZE = 4]/system_log_run_1.csv
Run 2/5 ...
Saved episode log : ../../output/HalfCheetah-v5/sequential_blockwise_cma_direct_policy_search [BLOCK_SIZE = 4]/episode_log_run_2.csv
Saved system log  : ../../output/HalfCheetah-v5/sequential_blockwise_cma_direct_policy_search [BLOCK_SIZE = 4]/system_log_run_2.csv
Run 3/5 ...
Saved episode log : ../../output/HalfCheetah-v5/sequential_blockwise_cma_direct_policy_search [BLOCK_SIZE = 4]/episode_log_run_3.csv
Saved system log  : ../../output/HalfCheetah-v5/sequential_blockwise_cma_direct_policy_search [BLOCK_SIZE = 4]/system_log_run_3.csv
Run 4/5 ...
Saved episode log : ../../output/HalfCheetah-v5/sequential_blockwise_cma_direct_policy_search [BLOCK_SIZE = 4]/episode_log_run_4.csv
Saved system log  : ../../output/HalfCheetah-v5/sequential_blockwise_cma_direct_policy_search [BLOCK_SIZE = 4]/system_log_run_4.csv
Run 5/5 ...
Saved episode log : ../../output/HalfCheetah-v5/sequential_blockwise_cma_direct_policy_search [BLOCK_SIZE = 4]/episode_log_run_5.csv
Saved system log  : ../../output/HalfCheetah-v5/sequential_blockwise_cma_direct_policy_search [BLOCK_SIZE = 4]/system_log_run_5.csv
Training complete!
[2026-05-07 14:04:47] ✅ FINISHED (8/30) [PID 21675]: (cd train_sequential_blockwise_cma_direct_policy_search && python3 train_sequential_blockwise_cma_direct_policy_search.py HalfCheetah-v5 --total-timesteps 1000000 --num-runs 5 --block-size 4)
[2026-05-07 14:04:47] 🚀 STARTED  (job 12/24 in CMA Phase 1 (non-Humanoid)) [PID 21774]: (cd train_cma_direct_policy_search && python3 train_cma_direct_policy_search.py HalfCheetah-v5 --total-timesteps 1000000 --num-runs 5)
Training started ...
Run 1/5 ...
Saved episode log : ../../output/HalfCheetah-v5/sequential_blockwise_cma_direct_policy_search [BLOCK_SIZE = 32]/episode_log_run_1.csv
Saved system log  : ../../output/HalfCheetah-v5/sequential_blockwise_cma_direct_policy_search [BLOCK_SIZE = 32]/system_log_run_1.csv
Run 2/5 ...
Saved episode log : ../../output/HalfCheetah-v5/sequential_blockwise_cma_direct_policy_search [BLOCK_SIZE = 32]/episode_log_run_2.csv
Saved system log  : ../../output/HalfCheetah-v5/sequential_blockwise_cma_direct_policy_search [BLOCK_SIZE = 32]/system_log_run_2.csv
Run 3/5 ...
Saved episode log : ../../output/HalfCheetah-v5/sequential_blockwise_cma_direct_policy_search [BLOCK_SIZE = 32]/episode_log_run_3.csv
Saved system log  : ../../output/HalfCheetah-v5/sequential_blockwise_cma_direct_policy_search [BLOCK_SIZE = 32]/system_log_run_3.csv
Run 4/5 ...
Saved episode log : ../../output/HalfCheetah-v5/sequential_blockwise_cma_direct_policy_search [BLOCK_SIZE = 32]/episode_log_run_4.csv
Saved system log  : ../../output/HalfCheetah-v5/sequential_blockwise_cma_direct_policy_search [BLOCK_SIZE = 32]/system_log_run_4.csv
Run 5/5 ...
Saved episode log : ../../output/HalfCheetah-v5/sequential_blockwise_cma_direct_policy_search [BLOCK_SIZE = 32]/episode_log_run_5.csv
Saved system log  : ../../output/HalfCheetah-v5/sequential_blockwise_cma_direct_policy_search [BLOCK_SIZE = 32]/system_log_run_5.csv
Training complete!
[2026-05-07 14:06:07] ✅ FINISHED (9/30) [PID 21731]: (cd train_sequential_blockwise_cma_direct_policy_search && python3 train_sequential_blockwise_cma_direct_policy_search.py HalfCheetah-v5 --total-timesteps 1000000 --num-runs 5 --block-size 32)
[2026-05-07 14:06:07] 🚀 STARTED  (job 13/24 in CMA Phase 1 (non-Humanoid)) [PID 21823]: (cd train_sep_cma_direct_policy_search && python3 train_sep_cma_direct_policy_search.py Walker2d-v5 --total-timesteps 1000000 --num-runs 5)
Training started ...
Run 1/5 ...
Saved episode log : ../../output/HalfCheetah-v5/CMA_direct_policy_search/episode_log_run_1.csv
Saved system log  : ../../output/HalfCheetah-v5/CMA_direct_policy_search/system_log_run_1.csv
Run 2/5 ...
Saved episode log : ../../output/HalfCheetah-v5/CMA_direct_policy_search/episode_log_run_2.csv
Saved system log  : ../../output/HalfCheetah-v5/CMA_direct_policy_search/system_log_run_2.csv
Run 3/5 ...
Saved episode log : ../../output/HalfCheetah-v5/CMA_direct_policy_search/episode_log_run_3.csv
Saved system log  : ../../output/HalfCheetah-v5/CMA_direct_policy_search/system_log_run_3.csv
Run 4/5 ...
Saved episode log : ../../output/HalfCheetah-v5/CMA_direct_policy_search/episode_log_run_4.csv
Saved system log  : ../../output/HalfCheetah-v5/CMA_direct_policy_search/system_log_run_4.csv
Run 5/5 ...
Saved episode log : ../../output/HalfCheetah-v5/CMA_direct_policy_search/episode_log_run_5.csv
Saved system log  : ../../output/HalfCheetah-v5/CMA_direct_policy_search/system_log_run_5.csv
Training complete!
[2026-05-07 14:07:32] ✅ FINISHED (10/30) [PID 21774]: (cd train_cma_direct_policy_search && python3 train_cma_direct_policy_search.py HalfCheetah-v5 --total-timesteps 1000000 --num-runs 5)
[2026-05-07 14:07:32] 🚀 STARTED  (job 14/24 in CMA Phase 1 (non-Humanoid)) [PID 21872]: (cd train_simultaneous_blockwise_cma_direct_policy_search && python3 train_simultaneous_blockwise_cma_direct_policy_search.py Walker2d-v5 --total-timesteps 1000000 --num-runs 5 --block-size 4)
Training started ...
Run 1/5 ...
Saved episode log : ../../output/Ant-v5/sequential_blockwise_cma_direct_policy_search [BLOCK_SIZE = 32]/episode_log_run_1.csv
Saved system log  : ../../output/Ant-v5/sequential_blockwise_cma_direct_policy_search [BLOCK_SIZE = 32]/system_log_run_1.csv
Run 2/5 ...
Saved episode log : ../../output/Ant-v5/sequential_blockwise_cma_direct_policy_search [BLOCK_SIZE = 32]/episode_log_run_2.csv
Saved system log  : ../../output/Ant-v5/sequential_blockwise_cma_direct_policy_search [BLOCK_SIZE = 32]/system_log_run_2.csv
Run 3/5 ...
Saved episode log : ../../output/Ant-v5/sequential_blockwise_cma_direct_policy_search [BLOCK_SIZE = 32]/episode_log_run_3.csv
Saved system log  : ../../output/Ant-v5/sequential_blockwise_cma_direct_policy_search [BLOCK_SIZE = 32]/system_log_run_3.csv
Run 4/5 ...
Saved episode log : ../../output/Ant-v5/sequential_blockwise_cma_direct_policy_search [BLOCK_SIZE = 32]/episode_log_run_4.csv
Saved system log  : ../../output/Ant-v5/sequential_blockwise_cma_direct_policy_search [BLOCK_SIZE = 32]/system_log_run_4.csv
Run 5/5 ...
Saved episode log : ../../output/Ant-v5/sequential_blockwise_cma_direct_policy_search [BLOCK_SIZE = 32]/episode_log_run_5.csv
Saved system log  : ../../output/Ant-v5/sequential_blockwise_cma_direct_policy_search [BLOCK_SIZE = 32]/system_log_run_5.csv
Training complete!
[2026-05-07 14:10:33] ✅ FINISHED (11/30) [PID 21485]: (cd train_sequential_blockwise_cma_direct_policy_search && python3 train_sequential_blockwise_cma_direct_policy_search.py Ant-v5 --total-timesteps 1000000 --num-runs 5 --block-size 32)
[2026-05-07 14:10:33] 🚀 STARTED  (job 15/24 in CMA Phase 1 (non-Humanoid)) [PID 21974]: (cd train_simultaneous_blockwise_cma_direct_policy_search && python3 train_simultaneous_blockwise_cma_direct_policy_search.py Walker2d-v5 --total-timesteps 1000000 --num-runs 5 --block-size 32)
Training started ...
Run 1/5 ...
Saved episode log : ../../output/Walker2d-v5/sep_CMA_direct_policy_search/episode_log_run_1.csv
Saved system log  : ../../output/Walker2d-v5/sep_CMA_direct_policy_search/system_log_run_1.csv
Run 2/5 ...
Saved episode log : ../../output/Walker2d-v5/sep_CMA_direct_policy_search/episode_log_run_2.csv
Saved system log  : ../../output/Walker2d-v5/sep_CMA_direct_policy_search/system_log_run_2.csv
Run 3/5 ...
Saved episode log : ../../output/Walker2d-v5/sep_CMA_direct_policy_search/episode_log_run_3.csv
Saved system log  : ../../output/Walker2d-v5/sep_CMA_direct_policy_search/system_log_run_3.csv
Run 4/5 ...
Saved episode log : ../../output/Walker2d-v5/sep_CMA_direct_policy_search/episode_log_run_4.csv
Saved system log  : ../../output/Walker2d-v5/sep_CMA_direct_policy_search/system_log_run_4.csv
Run 5/5 ...
Saved episode log : ../../output/Walker2d-v5/sep_CMA_direct_policy_search/episode_log_run_5.csv
Saved system log  : ../../output/Walker2d-v5/sep_CMA_direct_policy_search/system_log_run_5.csv
Training complete!
[2026-05-07 14:12:28] ✅ FINISHED (12/30) [PID 21823]: (cd train_sep_cma_direct_policy_search && python3 train_sep_cma_direct_policy_search.py Walker2d-v5 --total-timesteps 1000000 --num-runs 5)
[2026-05-07 14:12:28] 🚀 STARTED  (job 16/24 in CMA Phase 1 (non-Humanoid)) [PID 22043]: (cd train_sequential_blockwise_cma_direct_policy_search && python3 train_sequential_blockwise_cma_direct_policy_search.py Walker2d-v5 --total-timesteps 1000000 --num-runs 5 --block-size 4)
Training started ...
Run 1/5 ...
Saved episode log : ../../output/Walker2d-v5/simultaneous_blockwise_cma_direct_policy_search [BLOCK_SIZE = 4]/episode_log_run_1.csv
Saved system log  : ../../output/Walker2d-v5/simultaneous_blockwise_cma_direct_policy_search [BLOCK_SIZE = 4]/system_log_run_1.csv
Run 2/5 ...
Saved episode log : ../../output/Walker2d-v5/simultaneous_blockwise_cma_direct_policy_search [BLOCK_SIZE = 4]/episode_log_run_2.csv
Saved system log  : ../../output/Walker2d-v5/simultaneous_blockwise_cma_direct_policy_search [BLOCK_SIZE = 4]/system_log_run_2.csv
Run 3/5 ...
Saved episode log : ../../output/Walker2d-v5/simultaneous_blockwise_cma_direct_policy_search [BLOCK_SIZE = 4]/episode_log_run_3.csv
Saved system log  : ../../output/Walker2d-v5/simultaneous_blockwise_cma_direct_policy_search [BLOCK_SIZE = 4]/system_log_run_3.csv
Run 4/5 ...
Saved episode log : ../../output/Walker2d-v5/simultaneous_blockwise_cma_direct_policy_search [BLOCK_SIZE = 4]/episode_log_run_4.csv
Saved system log  : ../../output/Walker2d-v5/simultaneous_blockwise_cma_direct_policy_search [BLOCK_SIZE = 4]/system_log_run_4.csv
Run 5/5 ...
Saved episode log : ../../output/Walker2d-v5/simultaneous_blockwise_cma_direct_policy_search [BLOCK_SIZE = 4]/episode_log_run_5.csv
Saved system log  : ../../output/Walker2d-v5/simultaneous_blockwise_cma_direct_policy_search [BLOCK_SIZE = 4]/system_log_run_5.csv
Training complete!
[2026-05-07 14:14:13] ✅ FINISHED (13/30) [PID 21872]: (cd train_simultaneous_blockwise_cma_direct_policy_search && python3 train_simultaneous_blockwise_cma_direct_policy_search.py Walker2d-v5 --total-timesteps 1000000 --num-runs 5 --block-size 4)
[2026-05-07 14:14:13] 🚀 STARTED  (job 17/24 in CMA Phase 1 (non-Humanoid)) [PID 22114]: (cd train_sequential_blockwise_cma_direct_policy_search && python3 train_sequential_blockwise_cma_direct_policy_search.py Walker2d-v5 --total-timesteps 1000000 --num-runs 5 --block-size 32)
Training started ...
Run 1/5 ...
Saved episode log : ../../output/Walker2d-v5/simultaneous_blockwise_cma_direct_policy_search [BLOCK_SIZE = 32]/episode_log_run_1.csv
Saved system log  : ../../output/Walker2d-v5/simultaneous_blockwise_cma_direct_policy_search [BLOCK_SIZE = 32]/system_log_run_1.csv
Run 2/5 ...
Saved episode log : ../../output/Walker2d-v5/simultaneous_blockwise_cma_direct_policy_search [BLOCK_SIZE = 32]/episode_log_run_2.csv
Saved system log  : ../../output/Walker2d-v5/simultaneous_blockwise_cma_direct_policy_search [BLOCK_SIZE = 32]/system_log_run_2.csv
Run 3/5 ...
Saved episode log : ../../output/Walker2d-v5/simultaneous_blockwise_cma_direct_policy_search [BLOCK_SIZE = 32]/episode_log_run_3.csv
Saved system log  : ../../output/Walker2d-v5/simultaneous_blockwise_cma_direct_policy_search [BLOCK_SIZE = 32]/system_log_run_3.csv
Run 4/5 ...
Saved episode log : ../../output/Walker2d-v5/simultaneous_blockwise_cma_direct_policy_search [BLOCK_SIZE = 32]/episode_log_run_4.csv
Saved system log  : ../../output/Walker2d-v5/simultaneous_blockwise_cma_direct_policy_search [BLOCK_SIZE = 32]/system_log_run_4.csv
Run 5/5 ...
Saved episode log : ../../output/Walker2d-v5/simultaneous_blockwise_cma_direct_policy_search [BLOCK_SIZE = 32]/episode_log_run_5.csv
Saved system log  : ../../output/Walker2d-v5/simultaneous_blockwise_cma_direct_policy_search [BLOCK_SIZE = 32]/system_log_run_5.csv
Training complete!
[2026-05-07 14:18:34] ✅ FINISHED (14/30) [PID 21974]: (cd train_simultaneous_blockwise_cma_direct_policy_search && python3 train_simultaneous_blockwise_cma_direct_policy_search.py Walker2d-v5 --total-timesteps 1000000 --num-runs 5 --block-size 32)
[2026-05-07 14:18:34] 🚀 STARTED  (job 18/24 in CMA Phase 1 (non-Humanoid)) [PID 22258]: (cd train_cma_direct_policy_search && python3 train_cma_direct_policy_search.py Walker2d-v5 --total-timesteps 1000000 --num-runs 5)
Training started ...
Run 1/5 ...
Saved episode log : ../../output/Walker2d-v5/sequential_blockwise_cma_direct_policy_search [BLOCK_SIZE = 4]/episode_log_run_1.csv
Saved system log  : ../../output/Walker2d-v5/sequential_blockwise_cma_direct_policy_search [BLOCK_SIZE = 4]/system_log_run_1.csv
Run 2/5 ...
Saved episode log : ../../output/Walker2d-v5/sequential_blockwise_cma_direct_policy_search [BLOCK_SIZE = 4]/episode_log_run_2.csv
Saved system log  : ../../output/Walker2d-v5/sequential_blockwise_cma_direct_policy_search [BLOCK_SIZE = 4]/system_log_run_2.csv
Run 3/5 ...
Saved episode log : ../../output/Walker2d-v5/sequential_blockwise_cma_direct_policy_search [BLOCK_SIZE = 4]/episode_log_run_3.csv
Saved system log  : ../../output/Walker2d-v5/sequential_blockwise_cma_direct_policy_search [BLOCK_SIZE = 4]/system_log_run_3.csv
Run 4/5 ...
Saved episode log : ../../output/Walker2d-v5/sequential_blockwise_cma_direct_policy_search [BLOCK_SIZE = 4]/episode_log_run_4.csv
Saved system log  : ../../output/Walker2d-v5/sequential_blockwise_cma_direct_policy_search [BLOCK_SIZE = 4]/system_log_run_4.csv
Run 5/5 ...
Saved episode log : ../../output/Walker2d-v5/sequential_blockwise_cma_direct_policy_search [BLOCK_SIZE = 4]/episode_log_run_5.csv
Saved system log  : ../../output/Walker2d-v5/sequential_blockwise_cma_direct_policy_search [BLOCK_SIZE = 4]/system_log_run_5.csv
Training complete!
[2026-05-07 14:19:14] ✅ FINISHED (15/30) [PID 22043]: (cd train_sequential_blockwise_cma_direct_policy_search && python3 train_sequential_blockwise_cma_direct_policy_search.py Walker2d-v5 --total-timesteps 1000000 --num-runs 5 --block-size 4)
[2026-05-07 14:19:14] 🚀 STARTED  (job 19/24 in CMA Phase 1 (non-Humanoid)) [PID 22285]: (cd train_sep_cma_direct_policy_search && python3 train_sep_cma_direct_policy_search.py BipedalWalkerHardcore-v3 --total-timesteps 1000000 --num-runs 5)
Training started ...
Run 1/5 ...
Saved episode log : ../../output/Walker2d-v5/sequential_blockwise_cma_direct_policy_search [BLOCK_SIZE = 32]/episode_log_run_1.csv
Saved system log  : ../../output/Walker2d-v5/sequential_blockwise_cma_direct_policy_search [BLOCK_SIZE = 32]/system_log_run_1.csv
Run 2/5 ...
Saved episode log : ../../output/Walker2d-v5/sequential_blockwise_cma_direct_policy_search [BLOCK_SIZE = 32]/episode_log_run_2.csv
Saved system log  : ../../output/Walker2d-v5/sequential_blockwise_cma_direct_policy_search [BLOCK_SIZE = 32]/system_log_run_2.csv
Run 3/5 ...
Saved episode log : ../../output/Walker2d-v5/sequential_blockwise_cma_direct_policy_search [BLOCK_SIZE = 32]/episode_log_run_3.csv
Saved system log  : ../../output/Walker2d-v5/sequential_blockwise_cma_direct_policy_search [BLOCK_SIZE = 32]/system_log_run_3.csv
Run 4/5 ...
Saved episode log : ../../output/Walker2d-v5/sequential_blockwise_cma_direct_policy_search [BLOCK_SIZE = 32]/episode_log_run_4.csv
Saved system log  : ../../output/Walker2d-v5/sequential_blockwise_cma_direct_policy_search [BLOCK_SIZE = 32]/system_log_run_4.csv
Run 5/5 ...
Saved episode log : ../../output/Walker2d-v5/sequential_blockwise_cma_direct_policy_search [BLOCK_SIZE = 32]/episode_log_run_5.csv
Saved system log  : ../../output/Walker2d-v5/sequential_blockwise_cma_direct_policy_search [BLOCK_SIZE = 32]/system_log_run_5.csv
Training complete!
[2026-05-07 14:20:59] ✅ FINISHED (16/30) [PID 22114]: (cd train_sequential_blockwise_cma_direct_policy_search && python3 train_sequential_blockwise_cma_direct_policy_search.py Walker2d-v5 --total-timesteps 1000000 --num-runs 5 --block-size 32)
[2026-05-07 14:20:59] 🚀 STARTED  (job 20/24 in CMA Phase 1 (non-Humanoid)) [PID 22345]: (cd train_simultaneous_blockwise_cma_direct_policy_search && python3 train_simultaneous_blockwise_cma_direct_policy_search.py BipedalWalkerHardcore-v3 --total-timesteps 1000000 --num-runs 5 --block-size 4)
Training started ...
Run 1/5 ...
Saved episode log : ../../output/BipedalWalkerHardcore-v3/sep_CMA_direct_policy_search/episode_log_run_1.csv
Saved system log  : ../../output/BipedalWalkerHardcore-v3/sep_CMA_direct_policy_search/system_log_run_1.csv
Run 2/5 ...
Saved episode log : ../../output/BipedalWalkerHardcore-v3/sep_CMA_direct_policy_search/episode_log_run_2.csv
Saved system log  : ../../output/BipedalWalkerHardcore-v3/sep_CMA_direct_policy_search/system_log_run_2.csv
Run 3/5 ...
Saved episode log : ../../output/BipedalWalkerHardcore-v3/sep_CMA_direct_policy_search/episode_log_run_3.csv
Saved system log  : ../../output/BipedalWalkerHardcore-v3/sep_CMA_direct_policy_search/system_log_run_3.csv
Run 4/5 ...
Saved episode log : ../../output/BipedalWalkerHardcore-v3/sep_CMA_direct_policy_search/episode_log_run_4.csv
Saved system log  : ../../output/BipedalWalkerHardcore-v3/sep_CMA_direct_policy_search/system_log_run_4.csv
Run 5/5 ...
Saved episode log : ../../output/BipedalWalkerHardcore-v3/sep_CMA_direct_policy_search/episode_log_run_5.csv
Saved system log  : ../../output/BipedalWalkerHardcore-v3/sep_CMA_direct_policy_search/system_log_run_5.csv
Training complete!
[2026-05-07 14:25:40] ✅ FINISHED (17/30) [PID 22285]: (cd train_sep_cma_direct_policy_search && python3 train_sep_cma_direct_policy_search.py BipedalWalkerHardcore-v3 --total-timesteps 1000000 --num-runs 5)
[2026-05-07 14:25:40] 🚀 STARTED  (job 21/24 in CMA Phase 1 (non-Humanoid)) [PID 22501]: (cd train_simultaneous_blockwise_cma_direct_policy_search && python3 train_simultaneous_blockwise_cma_direct_policy_search.py BipedalWalkerHardcore-v3 --total-timesteps 1000000 --num-runs 5 --block-size 32)
Training started ...
Run 1/5 ...
Saved episode log : ../../output/BipedalWalkerHardcore-v3/simultaneous_blockwise_cma_direct_policy_search [BLOCK_SIZE = 4]/episode_log_run_1.csv
Saved system log  : ../../output/BipedalWalkerHardcore-v3/simultaneous_blockwise_cma_direct_policy_search [BLOCK_SIZE = 4]/system_log_run_1.csv
Run 2/5 ...
Saved episode log : ../../output/BipedalWalkerHardcore-v3/simultaneous_blockwise_cma_direct_policy_search [BLOCK_SIZE = 4]/episode_log_run_2.csv
Saved system log  : ../../output/BipedalWalkerHardcore-v3/simultaneous_blockwise_cma_direct_policy_search [BLOCK_SIZE = 4]/system_log_run_2.csv
Run 3/5 ...
Saved episode log : ../../output/BipedalWalkerHardcore-v3/simultaneous_blockwise_cma_direct_policy_search [BLOCK_SIZE = 4]/episode_log_run_3.csv
Saved system log  : ../../output/BipedalWalkerHardcore-v3/simultaneous_blockwise_cma_direct_policy_search [BLOCK_SIZE = 4]/system_log_run_3.csv
Run 4/5 ...
Saved episode log : ../../output/BipedalWalkerHardcore-v3/simultaneous_blockwise_cma_direct_policy_search [BLOCK_SIZE = 4]/episode_log_run_4.csv
Saved system log  : ../../output/BipedalWalkerHardcore-v3/simultaneous_blockwise_cma_direct_policy_search [BLOCK_SIZE = 4]/system_log_run_4.csv
Run 5/5 ...
Saved episode log : ../../output/BipedalWalkerHardcore-v3/simultaneous_blockwise_cma_direct_policy_search [BLOCK_SIZE = 4]/episode_log_run_5.csv
Saved system log  : ../../output/BipedalWalkerHardcore-v3/simultaneous_blockwise_cma_direct_policy_search [BLOCK_SIZE = 4]/system_log_run_5.csv
Training complete!
[2026-05-07 14:27:30] ✅ FINISHED (18/30) [PID 22345]: (cd train_simultaneous_blockwise_cma_direct_policy_search && python3 train_simultaneous_blockwise_cma_direct_policy_search.py BipedalWalkerHardcore-v3 --total-timesteps 1000000 --num-runs 5 --block-size 4)
[2026-05-07 14:27:30] 🚀 STARTED  (job 22/24 in CMA Phase 1 (non-Humanoid)) [PID 22584]: (cd train_sequential_blockwise_cma_direct_policy_search && python3 train_sequential_blockwise_cma_direct_policy_search.py BipedalWalkerHardcore-v3 --total-timesteps 1000000 --num-runs 5 --block-size 4)
Training started ...
Run 1/5 ...
Saved episode log : ../../output/Walker2d-v5/CMA_direct_policy_search/episode_log_run_1.csv
Saved system log  : ../../output/Walker2d-v5/CMA_direct_policy_search/system_log_run_1.csv
Run 2/5 ...
Saved episode log : ../../output/Walker2d-v5/CMA_direct_policy_search/episode_log_run_2.csv
Saved system log  : ../../output/Walker2d-v5/CMA_direct_policy_search/system_log_run_2.csv
Run 3/5 ...
Saved episode log : ../../output/Walker2d-v5/CMA_direct_policy_search/episode_log_run_3.csv
Saved system log  : ../../output/Walker2d-v5/CMA_direct_policy_search/system_log_run_3.csv
Run 4/5 ...
Saved episode log : ../../output/Walker2d-v5/CMA_direct_policy_search/episode_log_run_4.csv
Saved system log  : ../../output/Walker2d-v5/CMA_direct_policy_search/system_log_run_4.csv
Run 5/5 ...
Saved episode log : ../../output/Walker2d-v5/CMA_direct_policy_search/episode_log_run_5.csv
Saved system log  : ../../output/Walker2d-v5/CMA_direct_policy_search/system_log_run_5.csv
Training complete!
[2026-05-07 14:29:36] ✅ FINISHED (19/30) [PID 22258]: (cd train_cma_direct_policy_search && python3 train_cma_direct_policy_search.py Walker2d-v5 --total-timesteps 1000000 --num-runs 5)
[2026-05-07 14:29:36] 🚀 STARTED  (job 23/24 in CMA Phase 1 (non-Humanoid)) [PID 22655]: (cd train_sequential_blockwise_cma_direct_policy_search && python3 train_sequential_blockwise_cma_direct_policy_search.py BipedalWalkerHardcore-v3 --total-timesteps 1000000 --num-runs 5 --block-size 32)
Training started ...
Run 1/5 ...
Saved episode log : ../../output/BipedalWalkerHardcore-v3/simultaneous_blockwise_cma_direct_policy_search [BLOCK_SIZE = 32]/episode_log_run_1.csv
Saved system log  : ../../output/BipedalWalkerHardcore-v3/simultaneous_blockwise_cma_direct_policy_search [BLOCK_SIZE = 32]/system_log_run_1.csv
Run 2/5 ...
Saved episode log : ../../output/BipedalWalkerHardcore-v3/simultaneous_blockwise_cma_direct_policy_search [BLOCK_SIZE = 32]/episode_log_run_2.csv
Saved system log  : ../../output/BipedalWalkerHardcore-v3/simultaneous_blockwise_cma_direct_policy_search [BLOCK_SIZE = 32]/system_log_run_2.csv
Run 3/5 ...
Saved episode log : ../../output/BipedalWalkerHardcore-v3/simultaneous_blockwise_cma_direct_policy_search [BLOCK_SIZE = 32]/episode_log_run_3.csv
Saved system log  : ../../output/BipedalWalkerHardcore-v3/simultaneous_blockwise_cma_direct_policy_search [BLOCK_SIZE = 32]/system_log_run_3.csv
Run 4/5 ...
Saved episode log : ../../output/BipedalWalkerHardcore-v3/simultaneous_blockwise_cma_direct_policy_search [BLOCK_SIZE = 32]/episode_log_run_4.csv
Saved system log  : ../../output/BipedalWalkerHardcore-v3/simultaneous_blockwise_cma_direct_policy_search [BLOCK_SIZE = 32]/system_log_run_4.csv
Run 5/5 ...
Saved episode log : ../../output/BipedalWalkerHardcore-v3/simultaneous_blockwise_cma_direct_policy_search [BLOCK_SIZE = 32]/episode_log_run_5.csv
Saved system log  : ../../output/BipedalWalkerHardcore-v3/simultaneous_blockwise_cma_direct_policy_search [BLOCK_SIZE = 32]/system_log_run_5.csv
Training complete!
[2026-05-07 14:32:41] ✅ FINISHED (20/30) [PID 22501]: (cd train_simultaneous_blockwise_cma_direct_policy_search && python3 train_simultaneous_blockwise_cma_direct_policy_search.py BipedalWalkerHardcore-v3 --total-timesteps 1000000 --num-runs 5 --block-size 32)
[2026-05-07 14:32:41] 🚀 STARTED  (job 24/24 in CMA Phase 1 (non-Humanoid)) [PID 22764]: (cd train_cma_direct_policy_search && python3 train_cma_direct_policy_search.py BipedalWalkerHardcore-v3 --total-timesteps 1000000 --num-runs 5)
Training started ...
Run 1/5 ...
Saved episode log : ../../output/BipedalWalkerHardcore-v3/sequential_blockwise_cma_direct_policy_search [BLOCK_SIZE = 4]/episode_log_run_1.csv
Saved system log  : ../../output/BipedalWalkerHardcore-v3/sequential_blockwise_cma_direct_policy_search [BLOCK_SIZE = 4]/system_log_run_1.csv
Run 2/5 ...
Saved episode log : ../../output/BipedalWalkerHardcore-v3/sequential_blockwise_cma_direct_policy_search [BLOCK_SIZE = 4]/episode_log_run_2.csv
Saved system log  : ../../output/BipedalWalkerHardcore-v3/sequential_blockwise_cma_direct_policy_search [BLOCK_SIZE = 4]/system_log_run_2.csv
Run 3/5 ...
Saved episode log : ../../output/BipedalWalkerHardcore-v3/sequential_blockwise_cma_direct_policy_search [BLOCK_SIZE = 4]/episode_log_run_3.csv
Saved system log  : ../../output/BipedalWalkerHardcore-v3/sequential_blockwise_cma_direct_policy_search [BLOCK_SIZE = 4]/system_log_run_3.csv
Run 4/5 ...
Saved episode log : ../../output/BipedalWalkerHardcore-v3/sequential_blockwise_cma_direct_policy_search [BLOCK_SIZE = 4]/episode_log_run_4.csv
Saved system log  : ../../output/BipedalWalkerHardcore-v3/sequential_blockwise_cma_direct_policy_search [BLOCK_SIZE = 4]/system_log_run_4.csv
Run 5/5 ...
Saved episode log : ../../output/BipedalWalkerHardcore-v3/sequential_blockwise_cma_direct_policy_search [BLOCK_SIZE = 4]/episode_log_run_5.csv
Saved system log  : ../../output/BipedalWalkerHardcore-v3/sequential_blockwise_cma_direct_policy_search [BLOCK_SIZE = 4]/system_log_run_5.csv
Training complete!
[2026-05-07 14:33:31] ✅ FINISHED (21/30) [PID 22584]: (cd train_sequential_blockwise_cma_direct_policy_search && python3 train_sequential_blockwise_cma_direct_policy_search.py BipedalWalkerHardcore-v3 --total-timesteps 1000000 --num-runs 5 --block-size 4)
Training started ...
Run 1/5 ...
Saved episode log : ../../output/BipedalWalkerHardcore-v3/sequential_blockwise_cma_direct_policy_search [BLOCK_SIZE = 32]/episode_log_run_1.csv
Saved system log  : ../../output/BipedalWalkerHardcore-v3/sequential_blockwise_cma_direct_policy_search [BLOCK_SIZE = 32]/system_log_run_1.csv
Run 2/5 ...
Saved episode log : ../../output/BipedalWalkerHardcore-v3/sequential_blockwise_cma_direct_policy_search [BLOCK_SIZE = 32]/episode_log_run_2.csv
Saved system log  : ../../output/BipedalWalkerHardcore-v3/sequential_blockwise_cma_direct_policy_search [BLOCK_SIZE = 32]/system_log_run_2.csv
Run 3/5 ...
Saved episode log : ../../output/BipedalWalkerHardcore-v3/sequential_blockwise_cma_direct_policy_search [BLOCK_SIZE = 32]/episode_log_run_3.csv
Saved system log  : ../../output/BipedalWalkerHardcore-v3/sequential_blockwise_cma_direct_policy_search [BLOCK_SIZE = 32]/system_log_run_3.csv
Run 4/5 ...
Saved episode log : ../../output/BipedalWalkerHardcore-v3/sequential_blockwise_cma_direct_policy_search [BLOCK_SIZE = 32]/episode_log_run_4.csv
Saved system log  : ../../output/BipedalWalkerHardcore-v3/sequential_blockwise_cma_direct_policy_search [BLOCK_SIZE = 32]/system_log_run_4.csv
Run 5/5 ...
Saved episode log : ../../output/BipedalWalkerHardcore-v3/sequential_blockwise_cma_direct_policy_search [BLOCK_SIZE = 32]/episode_log_run_5.csv
Saved system log  : ../../output/BipedalWalkerHardcore-v3/sequential_blockwise_cma_direct_policy_search [BLOCK_SIZE = 32]/system_log_run_5.csv
Training complete!
[2026-05-07 14:35:36] ✅ FINISHED (22/30) [PID 22655]: (cd train_sequential_blockwise_cma_direct_policy_search && python3 train_sequential_blockwise_cma_direct_policy_search.py BipedalWalkerHardcore-v3 --total-timesteps 1000000 --num-runs 5 --block-size 32)
Training started ...
Run 1/5 ...
Saved episode log : ../../output/BipedalWalkerHardcore-v3/CMA_direct_policy_search/episode_log_run_1.csv
Saved system log  : ../../output/BipedalWalkerHardcore-v3/CMA_direct_policy_search/system_log_run_1.csv
Run 2/5 ...
Saved episode log : ../../output/BipedalWalkerHardcore-v3/CMA_direct_policy_search/episode_log_run_2.csv
Saved system log  : ../../output/BipedalWalkerHardcore-v3/CMA_direct_policy_search/system_log_run_2.csv
Run 3/5 ...
Saved episode log : ../../output/BipedalWalkerHardcore-v3/CMA_direct_policy_search/episode_log_run_3.csv
Saved system log  : ../../output/BipedalWalkerHardcore-v3/CMA_direct_policy_search/system_log_run_3.csv
Run 4/5 ...
Saved episode log : ../../output/BipedalWalkerHardcore-v3/CMA_direct_policy_search/episode_log_run_4.csv
Saved system log  : ../../output/BipedalWalkerHardcore-v3/CMA_direct_policy_search/system_log_run_4.csv
Run 5/5 ...
Saved episode log : ../../output/BipedalWalkerHardcore-v3/CMA_direct_policy_search/episode_log_run_5.csv
Saved system log  : ../../output/BipedalWalkerHardcore-v3/CMA_direct_policy_search/system_log_run_5.csv
Training complete!
[2026-05-07 14:39:07] ✅ FINISHED (23/30) [PID 22764]: (cd train_cma_direct_policy_search && python3 train_cma_direct_policy_search.py BipedalWalkerHardcore-v3 --total-timesteps 1000000 --num-runs 5)
Training started ...
Run 1/5 ...
Saved episode log : ../../output/Ant-v5/CMA_direct_policy_search/episode_log_run_1.csv
Saved system log  : ../../output/Ant-v5/CMA_direct_policy_search/system_log_run_1.csv
Run 2/5 ...
Saved episode log : ../../output/Ant-v5/CMA_direct_policy_search/episode_log_run_2.csv
Saved system log  : ../../output/Ant-v5/CMA_direct_policy_search/system_log_run_2.csv
Run 3/5 ...
Saved episode log : ../../output/Ant-v5/CMA_direct_policy_search/episode_log_run_3.csv
Saved system log  : ../../output/Ant-v5/CMA_direct_policy_search/system_log_run_3.csv
Run 4/5 ...
Saved episode log : ../../output/Ant-v5/CMA_direct_policy_search/episode_log_run_4.csv
Saved system log  : ../../output/Ant-v5/CMA_direct_policy_search/system_log_run_4.csv
Run 5/5 ...
Saved episode log : ../../output/Ant-v5/CMA_direct_policy_search/episode_log_run_5.csv
Saved system log  : ../../output/Ant-v5/CMA_direct_policy_search/system_log_run_5.csv
Training complete!
[2026-05-07 14:54:54] ✅ FINISHED (24/30) [PID 21511]: (cd train_cma_direct_policy_search && python3 train_cma_direct_policy_search.py Ant-v5 --total-timesteps 1000000 --num-runs 5)
[2026-05-07 14:54:54] ✔ CMA Phase 1 (non-Humanoid) complete.
[2026-05-07 14:54:54] ▶ Starting CMA Phase 2 (Humanoid-v5) — 6 jobs, max 1 concurrent.
[2026-05-07 14:54:54] 🚀 STARTED  (job 1/6 in CMA Phase 2 (Humanoid-v5)) [PID 23472]: (cd train_sep_cma_direct_policy_search && python3 train_sep_cma_direct_policy_search.py Humanoid-v5 --total-timesteps 1000000 --num-runs 5)
Training started ...
Run 1/5 ...
Saved episode log : ../../output/Humanoid-v5/sep_CMA_direct_policy_search/episode_log_run_1.csv
Saved system log  : ../../output/Humanoid-v5/sep_CMA_direct_policy_search/system_log_run_1.csv
Run 2/5 ...
Saved episode log : ../../output/Humanoid-v5/sep_CMA_direct_policy_search/episode_log_run_2.csv
Saved system log  : ../../output/Humanoid-v5/sep_CMA_direct_policy_search/system_log_run_2.csv
Run 3/5 ...
Saved episode log : ../../output/Humanoid-v5/sep_CMA_direct_policy_search/episode_log_run_3.csv
Saved system log  : ../../output/Humanoid-v5/sep_CMA_direct_policy_search/system_log_run_3.csv
Run 4/5 ...
Saved episode log : ../../output/Humanoid-v5/sep_CMA_direct_policy_search/episode_log_run_4.csv
Saved system log  : ../../output/Humanoid-v5/sep_CMA_direct_policy_search/system_log_run_4.csv
Run 5/5 ...
Saved episode log : ../../output/Humanoid-v5/sep_CMA_direct_policy_search/episode_log_run_5.csv
Saved system log  : ../../output/Humanoid-v5/sep_CMA_direct_policy_search/system_log_run_5.csv
Training complete!
[2026-05-07 15:15:06] ✅ FINISHED (25/30) [PID 23472]: (cd train_sep_cma_direct_policy_search && python3 train_sep_cma_direct_policy_search.py Humanoid-v5 --total-timesteps 1000000 --num-runs 5)
[2026-05-07 15:15:06] 🚀 STARTED  (job 2/6 in CMA Phase 2 (Humanoid-v5)) [PID 24322]: (cd train_simultaneous_blockwise_cma_direct_policy_search && python3 train_simultaneous_blockwise_cma_direct_policy_search.py Humanoid-v5 --total-timesteps 1000000 --num-runs 5 --block-size 4)
Training started ...
Run 1/5 ...
Saved episode log : ../../output/Humanoid-v5/simultaneous_blockwise_cma_direct_policy_search [BLOCK_SIZE = 4]/episode_log_run_1.csv
Saved system log  : ../../output/Humanoid-v5/simultaneous_blockwise_cma_direct_policy_search [BLOCK_SIZE = 4]/system_log_run_1.csv
Run 2/5 ...
Saved episode log : ../../output/Humanoid-v5/simultaneous_blockwise_cma_direct_policy_search [BLOCK_SIZE = 4]/episode_log_run_2.csv
Saved system log  : ../../output/Humanoid-v5/simultaneous_blockwise_cma_direct_policy_search [BLOCK_SIZE = 4]/system_log_run_2.csv
Run 3/5 ...
Saved episode log : ../../output/Humanoid-v5/simultaneous_blockwise_cma_direct_policy_search [BLOCK_SIZE = 4]/episode_log_run_3.csv
Saved system log  : ../../output/Humanoid-v5/simultaneous_blockwise_cma_direct_policy_search [BLOCK_SIZE = 4]/system_log_run_3.csv
Run 4/5 ...
Saved episode log : ../../output/Humanoid-v5/simultaneous_blockwise_cma_direct_policy_search [BLOCK_SIZE = 4]/episode_log_run_4.csv
Saved system log  : ../../output/Humanoid-v5/simultaneous_blockwise_cma_direct_policy_search [BLOCK_SIZE = 4]/system_log_run_4.csv
Run 5/5 ...
Saved episode log : ../../output/Humanoid-v5/simultaneous_blockwise_cma_direct_policy_search [BLOCK_SIZE = 4]/episode_log_run_5.csv
Saved system log  : ../../output/Humanoid-v5/simultaneous_blockwise_cma_direct_policy_search [BLOCK_SIZE = 4]/system_log_run_5.csv
Training complete!
[2026-05-07 16:24:06] ✅ FINISHED (26/30) [PID 24322]: (cd train_simultaneous_blockwise_cma_direct_policy_search && python3 train_simultaneous_blockwise_cma_direct_policy_search.py Humanoid-v5 --total-timesteps 1000000 --num-runs 5 --block-size 4)
[2026-05-07 16:24:06] 🚀 STARTED  (job 3/6 in CMA Phase 2 (Humanoid-v5)) [PID 26725]: (cd train_simultaneous_blockwise_cma_direct_policy_search && python3 train_simultaneous_blockwise_cma_direct_policy_search.py Humanoid-v5 --total-timesteps 1000000 --num-runs 5 --block-size 32)
Training started ...
Run 1/5 ...
Saved episode log : ../../output/Humanoid-v5/simultaneous_blockwise_cma_direct_policy_search [BLOCK_SIZE = 32]/episode_log_run_1.csv
Saved system log  : ../../output/Humanoid-v5/simultaneous_blockwise_cma_direct_policy_search [BLOCK_SIZE = 32]/system_log_run_1.csv
Run 2/5 ...
Saved episode log : ../../output/Humanoid-v5/simultaneous_blockwise_cma_direct_policy_search [BLOCK_SIZE = 32]/episode_log_run_2.csv
Saved system log  : ../../output/Humanoid-v5/simultaneous_blockwise_cma_direct_policy_search [BLOCK_SIZE = 32]/system_log_run_2.csv
Run 3/5 ...
Saved episode log : ../../output/Humanoid-v5/simultaneous_blockwise_cma_direct_policy_search [BLOCK_SIZE = 32]/episode_log_run_3.csv
Saved system log  : ../../output/Humanoid-v5/simultaneous_blockwise_cma_direct_policy_search [BLOCK_SIZE = 32]/system_log_run_3.csv
Run 4/5 ...
Saved episode log : ../../output/Humanoid-v5/simultaneous_blockwise_cma_direct_policy_search [BLOCK_SIZE = 32]/episode_log_run_4.csv
Saved system log  : ../../output/Humanoid-v5/simultaneous_blockwise_cma_direct_policy_search [BLOCK_SIZE = 32]/system_log_run_4.csv
Run 5/5 ...
Saved episode log : ../../output/Humanoid-v5/simultaneous_blockwise_cma_direct_policy_search [BLOCK_SIZE = 32]/episode_log_run_5.csv
Saved system log  : ../../output/Humanoid-v5/simultaneous_blockwise_cma_direct_policy_search [BLOCK_SIZE = 32]/system_log_run_5.csv
Training complete!
[2026-05-07 19:22:29] ✅ FINISHED (27/30) [PID 26725]: (cd train_simultaneous_blockwise_cma_direct_policy_search && python3 train_simultaneous_blockwise_cma_direct_policy_search.py Humanoid-v5 --total-timesteps 1000000 --num-runs 5 --block-size 32)
[2026-05-07 19:22:29] 🚀 STARTED  (job 4/6 in CMA Phase 2 (Humanoid-v5)) [PID 35085]: (cd train_sequential_blockwise_cma_direct_policy_search && python3 train_sequential_blockwise_cma_direct_policy_search.py Humanoid-v5 --total-timesteps 1000000 --num-runs 5 --block-size 4)
Training started ...
Run 1/5 ...
Saved episode log : ../../output/Humanoid-v5/sequential_blockwise_cma_direct_policy_search [BLOCK_SIZE = 4]/episode_log_run_1.csv
Saved system log  : ../../output/Humanoid-v5/sequential_blockwise_cma_direct_policy_search [BLOCK_SIZE = 4]/system_log_run_1.csv
Run 2/5 ...
Saved episode log : ../../output/Humanoid-v5/sequential_blockwise_cma_direct_policy_search [BLOCK_SIZE = 4]/episode_log_run_2.csv
Saved system log  : ../../output/Humanoid-v5/sequential_blockwise_cma_direct_policy_search [BLOCK_SIZE = 4]/system_log_run_2.csv
Run 3/5 ...
Saved episode log : ../../output/Humanoid-v5/sequential_blockwise_cma_direct_policy_search [BLOCK_SIZE = 4]/episode_log_run_3.csv
Saved system log  : ../../output/Humanoid-v5/sequential_blockwise_cma_direct_policy_search [BLOCK_SIZE = 4]/system_log_run_3.csv
Run 4/5 ...
Saved episode log : ../../output/Humanoid-v5/sequential_blockwise_cma_direct_policy_search [BLOCK_SIZE = 4]/episode_log_run_4.csv
Saved system log  : ../../output/Humanoid-v5/sequential_blockwise_cma_direct_policy_search [BLOCK_SIZE = 4]/system_log_run_4.csv
Run 5/5 ...
Saved episode log : ../../output/Humanoid-v5/sequential_blockwise_cma_direct_policy_search [BLOCK_SIZE = 4]/episode_log_run_5.csv
Saved system log  : ../../output/Humanoid-v5/sequential_blockwise_cma_direct_policy_search [BLOCK_SIZE = 4]/system_log_run_5.csv
Training complete!
[2026-05-07 19:41:52] ✅ FINISHED (28/30) [PID 35085]: (cd train_sequential_blockwise_cma_direct_policy_search && python3 train_sequential_blockwise_cma_direct_policy_search.py Humanoid-v5 --total-timesteps 1000000 --num-runs 5 --block-size 4)
[2026-05-07 19:41:52] 🚀 STARTED  (job 5/6 in CMA Phase 2 (Humanoid-v5)) [PID 35767]: (cd train_sequential_blockwise_cma_direct_policy_search && python3 train_sequential_blockwise_cma_direct_policy_search.py Humanoid-v5 --total-timesteps 1000000 --num-runs 5 --block-size 32)
Training started ...
Run 1/5 ...
Saved episode log : ../../output/Humanoid-v5/sequential_blockwise_cma_direct_policy_search [BLOCK_SIZE = 32]/episode_log_run_1.csv
Saved system log  : ../../output/Humanoid-v5/sequential_blockwise_cma_direct_policy_search [BLOCK_SIZE = 32]/system_log_run_1.csv
Run 2/5 ...
Saved episode log : ../../output/Humanoid-v5/sequential_blockwise_cma_direct_policy_search [BLOCK_SIZE = 32]/episode_log_run_2.csv
Saved system log  : ../../output/Humanoid-v5/sequential_blockwise_cma_direct_policy_search [BLOCK_SIZE = 32]/system_log_run_2.csv
Run 3/5 ...
Saved episode log : ../../output/Humanoid-v5/sequential_blockwise_cma_direct_policy_search [BLOCK_SIZE = 32]/episode_log_run_3.csv
Saved system log  : ../../output/Humanoid-v5/sequential_blockwise_cma_direct_policy_search [BLOCK_SIZE = 32]/system_log_run_3.csv
Run 4/5 ...
Saved episode log : ../../output/Humanoid-v5/sequential_blockwise_cma_direct_policy_search [BLOCK_SIZE = 32]/episode_log_run_4.csv
Saved system log  : ../../output/Humanoid-v5/sequential_blockwise_cma_direct_policy_search [BLOCK_SIZE = 32]/system_log_run_4.csv
Run 5/5 ...
Saved episode log : ../../output/Humanoid-v5/sequential_blockwise_cma_direct_policy_search [BLOCK_SIZE = 32]/episode_log_run_5.csv
Saved system log  : ../../output/Humanoid-v5/sequential_blockwise_cma_direct_policy_search [BLOCK_SIZE = 32]/system_log_run_5.csv
Training complete!
[2026-05-07 20:27:23] ✅ FINISHED (29/30) [PID 35767]: (cd train_sequential_blockwise_cma_direct_policy_search && python3 train_sequential_blockwise_cma_direct_policy_search.py Humanoid-v5 --total-timesteps 1000000 --num-runs 5 --block-size 32)
[2026-05-07 20:27:23] 🚀 STARTED  (job 6/6 in CMA Phase 2 (Humanoid-v5)) [PID 37453]: (cd train_cma_direct_policy_search && python3 train_cma_direct_policy_search.py Humanoid-v5 --total-timesteps 1000000 --num-runs 5)
